#
# There is insufficient memory for the Java Runtime Environment to continue.
# Native memory allocation (malloc) failed to allocate 32744 bytes for ChunkPool::allocate
# Possible reasons:
#   The system is out of physical RAM or swap space
#   In 32 bit mode, the process size limit was hit
# Possible solutions:
#   Reduce memory load on the system
#   Increase physical memory or swap space
#   Check if swap backing store is full
#   Use 64 bit Java on a 64 bit OS
#   Decrease Java heap size (-Xmx/-Xms)
#   Decrease number of Java threads
#   Decrease Java thread stack sizes (-Xss)
#   Set larger code cache with -XX:ReservedCodeCacheSize=
# This output file may be truncated or incomplete.
#
#  Out of Memory Error (allocation.cpp:273), pid=7564, tid=0x0000000000000904
#
# JRE version: Java(TM) SE Runtime Environment (8.0_121-b13) (build 1.8.0_121-b13)
# Java VM: Java HotSpot(TM) 64-Bit Server VM (25.121-b13 mixed mode windows-amd64 compressed oops)
# Failed to write core dump. Minidumps are not enabled by default on client versions of Windows
#

---------------  T H R E A D  ---------------

Current thread (0x0000000058b53800):  JavaThread "C2 CompilerThread0" daemon [_thread_in_native, id=2308, stack(0x00000000595b0000,0x00000000596b0000)]

Stack: [0x00000000595b0000,0x00000000596b0000]
[error occurred during error reporting (printing stack bounds), id 0xc0000005]

Native frames: (J=compiled Java code, j=interpreted, Vv=VM code, C=native code)


Current CompileTask:
C2:   8391 4266       4       org.springframework.asm.Frame::execute (2252 bytes)


---------------  P R O C E S S  ---------------

Java Threads: ( => current thread )
  0x000000005b249000 JavaThread "commons-pool-EvictionTimer" daemon [_thread_blocked, id=7836, stack(0x00000000634a0000,0x00000000635a0000)]
  0x000000005b247000 JavaThread "Abandoned connection cleanup thread" daemon [_thread_blocked, id=7976, stack(0x0000000062160000,0x0000000062260000)]
  0x000000005b246000 JavaThread "Tomcat JDBC Pool Cleaner[414493378:1505461073961]" daemon [_thread_blocked, id=6724, stack(0x000000005e9e0000,0x000000005eae0000)]
  0x000000005b245800 JavaThread "container-0" [_thread_blocked, id=5604, stack(0x000000005edd0000,0x000000005eed0000)]
  0x000000005b244800 JavaThread "ContainerBackgroundProcessor[StandardEngine[Tomcat]]" daemon [_thread_blocked, id=6536, stack(0x000000005eb20000,0x000000005ec20000)]
  0x000000005b244000 JavaThread "localhost-startStop-1" daemon [_thread_blocked, id=8688, stack(0x000000005cce0000,0x000000005cde0000)]
  0x000000005b243000 JavaThread "Tomcat-startStop-1" daemon [_thread_blocked, id=5768, stack(0x000000005e500000,0x000000005e600000)]
  0x0000000058bb9800 JavaThread "Service Thread" daemon [_thread_blocked, id=2736, stack(0x0000000059b80000,0x0000000059c80000)]
  0x0000000058baa000 JavaThread "C1 CompilerThread2" daemon [_thread_blocked, id=2068, stack(0x0000000059970000,0x0000000059a70000)]
  0x0000000058b48800 JavaThread "C2 CompilerThread1" daemon [_thread_in_native, id=4124, stack(0x0000000059780000,0x0000000059880000)]
=>0x0000000058b53800 JavaThread "C2 CompilerThread0" daemon [_thread_in_native, id=2308, stack(0x00000000595b0000,0x00000000596b0000)]
  0x0000000058b3b000 JavaThread "JDWP Command Reader" daemon [_thread_in_native, id=680, stack(0x0000000059400000,0x0000000059500000)]
  0x0000000058b38000 JavaThread "JDWP Event Helper Thread" daemon [_thread_blocked, id=2632, stack(0x00000000592b0000,0x00000000593b0000)]
  0x0000000058b32800 JavaThread "JDWP Transport Listener: dt_socket" daemon [_thread_blocked, id=3924, stack(0x0000000058770000,0x0000000058870000)]
  0x000000005762c000 JavaThread "Attach Listener" daemon [_thread_blocked, id=4396, stack(0x0000000059100000,0x0000000059200000)]
  0x0000000058b12800 JavaThread "Signal Dispatcher" daemon [_thread_blocked, id=6620, stack(0x0000000058fa0000,0x00000000590a0000)]
  0x0000000057610000 JavaThread "Finalizer" daemon [_thread_blocked, id=6604, stack(0x0000000058a00000,0x0000000058b00000)]
  0x00000000575c9000 JavaThread "Reference Handler" daemon [_thread_blocked, id=5996, stack(0x00000000588d0000,0x00000000589d0000)]
  0x000000000246c800 JavaThread "main" [_thread_in_vm, id=6244, stack(0x0000000002820000,0x0000000002920000)]

Other Threads:
  0x00000000575c0800 VMThread [stack: 0x0000000058670000,0x0000000058770000] [id=888]
  0x0000000058b57000 WatcherThread [stack: 0x0000000059cc0000,0x0000000059dc0000] [id=2880]

VM state:not at safepoint (normal execution)

VM Mutex/Monitor currently owned by a thread: None

Heap:
 PSYoungGen      total 239104K, used 159080K [0x00000000d5c00000, 0x00000000ee580000, 0x0000000100000000)
  eden space 224768K, 70% used [0x00000000d5c00000,0x00000000df75a208,0x00000000e3780000)
  from space 14336K, 0% used [0x00000000e3780000,0x00000000e3780000,0x00000000e4580000)
  to   space 15360K, 0% used [0x00000000ed680000,0x00000000ed680000,0x00000000ee580000)
 ParOldGen       total 83456K, used 20416K [0x0000000081400000, 0x0000000086580000, 0x00000000d5c00000)
  object space 83456K, 24% used [0x0000000081400000,0x00000000827f00a8,0x0000000086580000)
 Metaspace       used 47070K, capacity 47564K, committed 47920K, reserved 1091584K
  class space    used 6006K, capacity 6150K, committed 6192K, reserved 1048576K

Card table byte_map: [0x0000000011ce0000,0x00000000120e0000] byte_map_base: 0x00000000118d6000

Marking Bits: (ParMarkBitMap*) 0x000000005e43b6d0
 Begin Bits: [0x00000000128d0000, 0x0000000014880000)
 End Bits:   [0x0000000014880000, 0x0000000016830000)

Polling page: 0x0000000000330000

CodeCache: size=245760Kb used=14760Kb max_used=14776Kb free=230999Kb
 bounds [0x0000000002920000, 0x00000000037a0000, 0x0000000011920000]
 total_blobs=4401 nmethods=3880 adapters=440
 compilation: enabled

Compilation events (10 events):
Event: 8.384 Thread 0x0000000058baa000 4341       3       java.math.BigInteger::getInt (63 bytes)
Event: 8.384 Thread 0x0000000058baa000 nmethod 4341 0x0000000002c51c50 code [0x0000000002c51de0, 0x0000000002c521c8]
Event: 8.384 Thread 0x0000000058baa000 4342       3       java.math.BigInteger::<init> (404 bytes)
Event: 8.387 Thread 0x0000000058baa000 nmethod 4342 0x000000000379a510 code [0x000000000379a920, 0x000000000379c7d8]
Event: 8.387 Thread 0x0000000058baa000 4343       3       java.util.regex.Pattern::split (7 bytes)
Event: 8.388 Thread 0x0000000058baa000 nmethod 4343 0x0000000002c0a190 code [0x0000000002c0a300, 0x0000000002c0a528]
Event: 8.388 Thread 0x0000000058baa000 4344       3       sun.security.ec.CurveDB::bi (11 bytes)
Event: 8.388 Thread 0x0000000058baa000 nmethod 4344 0x0000000002c07590 code [0x0000000002c07700, 0x0000000002c078e8]
Event: 8.388 Thread 0x0000000058baa000 4346       1       java.math.BigInteger::signum (5 bytes)
Event: 8.389 Thread 0x0000000058baa000 nmethod 4346 0x0000000002cf9550 code [0x0000000002cf96a0, 0x0000000002cf97b0]

GC Heap History (10 events):
Event: 2.725 GC heap before
{Heap before GC invocations=5 (full 1):
 PSYoungGen      total 138240K, used 5113K [0x00000000d5c00000, 0x00000000de800000, 0x0000000100000000)
  eden space 133120K, 0% used [0x00000000d5c00000,0x00000000d5c00000,0x00000000dde00000)
  from space 5120K, 99% used [0x00000000de300000,0x00000000de7fe500,0x00000000de800000)
  to   space 5120K, 0% used [0x00000000dde00000,0x00000000dde00000,0x00000000de300000)
 ParOldGen       total 87552K, used 7237K [0x0000000081400000, 0x0000000086980000, 0x00000000d5c00000)
  object space 87552K, 8% used [0x0000000081400000,0x0000000081b116f8,0x0000000086980000)
 Metaspace       used 20919K, capacity 21214K, committed 21296K, reserved 1069056K
  class space    used 2500K, capacity 2578K, committed 2608K, reserved 1048576K
Event: 2.780 GC heap after
Heap after GC invocations=5 (full 1):
 PSYoungGen      total 138240K, used 0K [0x00000000d5c00000, 0x00000000de800000, 0x0000000100000000)
  eden space 133120K, 0% used [0x00000000d5c00000,0x00000000d5c00000,0x00000000dde00000)
  from space 5120K, 0% used [0x00000000de300000,0x00000000de300000,0x00000000de800000)
  to   space 5120K, 0% used [0x00000000dde00000,0x00000000dde00000,0x00000000de300000)
 ParOldGen       total 53248K, used 7133K [0x0000000081400000, 0x0000000084800000, 0x00000000d5c00000)
  object space 53248K, 13% used [0x0000000081400000,0x0000000081af7780,0x0000000084800000)
 Metaspace       used 20919K, capacity 21214K, committed 21296K, reserved 1069056K
  class space    used 2500K, capacity 2578K, committed 2608K, reserved 1048576K
}
Event: 4.535 GC heap before
{Heap before GC invocations=6 (full 1):
 PSYoungGen      total 138240K, used 133120K [0x00000000d5c00000, 0x00000000de800000, 0x0000000100000000)
  eden space 133120K, 100% used [0x00000000d5c00000,0x00000000dde00000,0x00000000dde00000)
  from space 5120K, 0% used [0x00000000de300000,0x00000000de300000,0x00000000de800000)
  to   space 5120K, 0% used [0x00000000dde00000,0x00000000dde00000,0x00000000de300000)
 ParOldGen       total 53248K, used 7133K [0x0000000081400000, 0x0000000084800000, 0x00000000d5c00000)
  object space 53248K, 13% used [0x0000000081400000,0x0000000081af7780,0x0000000084800000)
 Metaspace       used 26630K, capacity 27002K, committed 27184K, reserved 1073152K
  class space    used 3283K, capacity 3372K, committed 3376K, reserved 1048576K
Event: 4.587 GC heap after
Heap after GC invocations=6 (full 1):
 PSYoungGen      total 138240K, used 5109K [0x00000000d5c00000, 0x00000000e4f80000, 0x0000000100000000)
  eden space 133120K, 0% used [0x00000000d5c00000,0x00000000d5c00000,0x00000000dde00000)
  from space 5120K, 99% used [0x00000000dde00000,0x00000000de2fd530,0x00000000de300000)
  to   space 10240K, 0% used [0x00000000e4580000,0x00000000e4580000,0x00000000e4f80000)
 ParOldGen       total 53248K, used 11065K [0x0000000081400000, 0x0000000084800000, 0x00000000d5c00000)
  object space 53248K, 20% used [0x0000000081400000,0x0000000081ece7f8,0x0000000084800000)
 Metaspace       used 26630K, capacity 27002K, committed 27184K, reserved 1073152K
  class space    used 3283K, capacity 3372K, committed 3376K, reserved 1048576K
}
Event: 5.668 GC heap before
{Heap before GC invocations=7 (full 1):
 PSYoungGen      total 138240K, used 138229K [0x00000000d5c00000, 0x00000000e4f80000, 0x0000000100000000)
  eden space 133120K, 100% used [0x00000000d5c00000,0x00000000dde00000,0x00000000dde00000)
  from space 5120K, 99% used [0x00000000dde00000,0x00000000de2fd530,0x00000000de300000)
  to   space 10240K, 0% used [0x00000000e4580000,0x00000000e4580000,0x00000000e4f80000)
 ParOldGen       total 53248K, used 11065K [0x0000000081400000, 0x0000000084800000, 0x00000000d5c00000)
  object space 53248K, 20% used [0x0000000081400000,0x0000000081ece7f8,0x0000000084800000)
 Metaspace       used 31399K, capacity 31832K, committed 32176K, reserved 1077248K
  class space    used 3872K, capacity 3953K, committed 4016K, reserved 1048576K
Event: 5.701 GC heap after
Heap after GC invocations=7 (full 1):
 PSYoungGen      total 235008K, used 10214K [0x00000000d5c00000, 0x00000000e5480000, 0x0000000100000000)
  eden space 224768K, 0% used [0x00000000d5c00000,0x00000000d5c00000,0x00000000e3780000)
  from space 10240K, 99% used [0x00000000e4580000,0x00000000e4f79b70,0x00000000e4f80000)
  to   space 14336K, 0% used [0x00000000e3780000,0x00000000e3780000,0x00000000e4580000)
 ParOldGen       total 53248K, used 15850K [0x0000000081400000, 0x0000000084800000, 0x00000000d5c00000)
  object space 53248K, 29% used [0x0000000081400000,0x000000008237a9f8,0x0000000084800000)
 Metaspace       used 31399K, capacity 31832K, committed 32176K, reserved 1077248K
  class space    used 3872K, capacity 3953K, committed 4016K, reserved 1048576K
}
Event: 6.772 GC heap before
{Heap before GC invocations=8 (full 1):
 PSYoungGen      total 235008K, used 51347K [0x00000000d5c00000, 0x00000000e5480000, 0x0000000100000000)
  eden space 224768K, 18% used [0x00000000d5c00000,0x00000000d842b148,0x00000000e3780000)
  from space 10240K, 99% used [0x00000000e4580000,0x00000000e4f79b70,0x00000000e4f80000)
  to   space 14336K, 0% used [0x00000000e3780000,0x00000000e3780000,0x00000000e4580000)
 ParOldGen       total 53248K, used 15850K [0x0000000081400000, 0x0000000084800000, 0x00000000d5c00000)
  object space 53248K, 29% used [0x0000000081400000,0x000000008237a9f8,0x0000000084800000)
 Metaspace       used 34818K, capacity 35210K, committed 35496K, reserved 1081344K
  class space    used 4209K, capacity 4308K, committed 4400K, reserved 1048576K
Event: 6.790 GC heap after
Heap after GC invocations=8 (full 1):
 PSYoungGen      total 239104K, used 12827K [0x00000000d5c00000, 0x00000000ee580000, 0x0000000100000000)
  eden space 224768K, 0% used [0x00000000d5c00000,0x00000000d5c00000,0x00000000e3780000)
  from space 14336K, 89% used [0x00000000e3780000,0x00000000e4406df8,0x00000000e4580000)
  to   space 15360K, 0% used [0x00000000ed680000,0x00000000ed680000,0x00000000ee580000)
 ParOldGen       total 53248K, used 15858K [0x0000000081400000, 0x0000000084800000, 0x00000000d5c00000)
  object space 53248K, 29% used [0x0000000081400000,0x000000008237c9f8,0x0000000084800000)
 Metaspace       used 34818K, capacity 35210K, committed 35496K, reserved 1081344K
  class space    used 4209K, capacity 4308K, committed 4400K, reserved 1048576K
}
Event: 6.790 GC heap before
{Heap before GC invocations=9 (full 2):
 PSYoungGen      total 239104K, used 12827K [0x00000000d5c00000, 0x00000000ee580000, 0x0000000100000000)
  eden space 224768K, 0% used [0x00000000d5c00000,0x00000000d5c00000,0x00000000e3780000)
  from space 14336K, 89% used [0x00000000e3780000,0x00000000e4406df8,0x00000000e4580000)
  to   space 15360K, 0% used [0x00000000ed680000,0x00000000ed680000,0x00000000ee580000)
 ParOldGen       total 53248K, used 15858K [0x0000000081400000, 0x0000000084800000, 0x00000000d5c00000)
  object space 53248K, 29% used [0x0000000081400000,0x000000008237c9f8,0x0000000084800000)
 Metaspace       used 34818K, capacity 35210K, committed 35496K, reserved 1081344K
  class space    used 4209K, capacity 4308K, committed 4400K, reserved 1048576K
Event: 6.874 GC heap after
Heap after GC invocations=9 (full 2):
 PSYoungGen      total 239104K, used 0K [0x00000000d5c00000, 0x00000000ee580000, 0x0000000100000000)
  eden space 224768K, 0% used [0x00000000d5c00000,0x00000000d5c00000,0x00000000e3780000)
  from space 14336K, 0% used [0x00000000e3780000,0x00000000e3780000,0x00000000e4580000)
  to   space 15360K, 0% used [0x00000000ed680000,0x00000000ed680000,0x00000000ee580000)
 ParOldGen       total 83456K, used 20416K [0x0000000081400000, 0x0000000086580000, 0x00000000d5c00000)
  object space 83456K, 24% used [0x0000000081400000,0x00000000827f00a8,0x0000000086580000)
 Metaspace       used 34818K, capacity 35210K, committed 35496K, reserved 1081344K
  class space    used 4209K, capacity 4308K, committed 4400K, reserved 1048576K
}

Deoptimization events (10 events):
Event: 8.362 Thread 0x000000000246c800 Uncommon trap: reason=bimorphic action=maybe_recompile pc=0x0000000002b51744 method=java.util.Hashtable.put(Ljava/lang/Object;Ljava/lang/Object;)Ljava/lang/Object; @ 18
Event: 8.362 Thread 0x000000000246c800 Uncommon trap: reason=bimorphic action=maybe_recompile pc=0x0000000002b51744 method=java.util.Hashtable.put(Ljava/lang/Object;Ljava/lang/Object;)Ljava/lang/Object; @ 18
Event: 8.363 Thread 0x000000000246c800 Uncommon trap: reason=unstable_if action=reinterpret pc=0x00000000031d4a98 method=java.lang.CharacterDataLatin1.isWhitespace(I)Z @ 14
Event: 8.363 Thread 0x000000000246c800 Uncommon trap: reason=unstable_if action=reinterpret pc=0x0000000002c4c294 method=java.lang.CharacterDataLatin1.isWhitespace(I)Z @ 14
Event: 8.373 Thread 0x000000000246c800 Uncommon trap: reason=unstable_if action=reinterpret pc=0x00000000035ed9b8 method=java.util.jar.JarFile.getInputStream(Ljava/util/zip/ZipEntry;)Ljava/io/InputStream; @ 37
Event: 8.374 Thread 0x000000000246c800 Uncommon trap: reason=unstable_if action=reinterpret pc=0x00000000036496e8 method=java.security.CodeSource.<init>(Ljava/net/URL;[Ljava/security/CodeSigner;)V @ 25
Event: 8.374 Thread 0x000000000246c800 Uncommon trap: reason=unstable_if action=reinterpret pc=0x00000000036466d0 method=java.security.CodeSource.getCertificates()[Ljava/security/cert/Certificate; @ 22
Event: 8.375 Thread 0x000000000246c800 Uncommon trap: reason=unstable_if action=reinterpret pc=0x0000000003488f4c method=java.security.CodeSource.getCertificates()[Ljava/security/cert/Certificate; @ 4
Event: 8.375 Thread 0x000000000246c800 Uncommon trap: reason=unstable_if action=reinterpret pc=0x000000000364800c method=java.security.CodeSource.matchCerts(Ljava/security/CodeSource;Z)Z @ 11
Event: 8.377 Thread 0x000000000246c800 Uncommon trap: reason=unstable_if action=reinterpret pc=0x00000000036424d8 method=java.security.CodeSource.matchCerts(Ljava/security/CodeSource;Z)Z @ 11

Internal exceptions (10 events):
Event: 8.256 Thread 0x000000000246c800 Exception <a 'java/lang/ClassNotFoundException': org/springframework/data/redis/core/RedisTemplateBeanInfo> (0x00000000dec10e08) thrown at [C:\re\workspace\8-2-build-windows-amd64-cygwin\jdk8u121\8372\hotspot\src\share\vm\classfile\systemDictionary.cpp, l
Event: 8.257 Thread 0x000000000246c800 Exception <a 'java/lang/ClassNotFoundException': org/springframework/data/redis/core/RedisAccessorBeanInfo> (0x00000000dec2cae0) thrown at [C:\re\workspace\8-2-build-windows-amd64-cygwin\jdk8u121\8372\hotspot\src\share\vm\classfile\systemDictionary.cpp, l
Event: 8.258 Thread 0x000000000246c800 Exception <a 'java/lang/ClassNotFoundException': org/springframework/data/redis/core/RedisAccessorCustomizer> (0x00000000dec49ca8) thrown at [C:\re\workspace\8-2-build-windows-amd64-cygwin\jdk8u121\8372\hotspot\src\share\vm\classfile\systemDictionary.cpp,
Event: 8.259 Thread 0x000000000246c800 Exception <a 'java/lang/ClassNotFoundException': org/springframework/data/redis/core/RedisTemplateCustomizer> (0x00000000dec6b7b8) thrown at [C:\re\workspace\8-2-build-windows-amd64-cygwin\jdk8u121\8372\hotspot\src\share\vm\classfile\systemDictionary.cpp,
Event: 8.266 Thread 0x000000000246c800 Exception <a 'java/lang/ClassNotFoundException': org/springframework/data/redis/core/StringRedisTemplateCustomizer> (0x00000000ded35b50) thrown at [C:\re\workspace\8-2-build-windows-amd64-cygwin\jdk8u121\8372\hotspot\src\share\vm\classfile\systemDictionar
Event: 8.268 Thread 0x000000000246c800 Exception <a 'java/lang/ClassNotFoundException': org/springframework/data/redis/core/RedisOperationsCustomizer> (0x00000000ded77df8) thrown at [C:\re\workspace\8-2-build-windows-amd64-cygwin\jdk8u121\8372\hotspot\src\share\vm\classfile\systemDictionary.cp
Event: 8.271 Thread 0x000000000246c800 Exception <a 'java/lang/ClassNotFoundException': org/springframework/beans/factory/BeanClassLoaderAwareCustomizer> (0x00000000dedf4e48) thrown at [C:\re\workspace\8-2-build-windows-amd64-cygwin\jdk8u121\8372\hotspot\src\share\vm\classfile\systemDictionary
Event: 8.271 Thread 0x000000000246c800 Exception <a 'java/lang/ClassNotFoundException': org/springframework/beans/factory/InitializingBeanCustomizer> (0x00000000dee13568) thrown at [C:\re\workspace\8-2-build-windows-amd64-cygwin\jdk8u121\8372\hotspot\src\share\vm\classfile\systemDictionary.cpp
Event: 8.282 Thread 0x000000000246c800 Exception <a 'java/lang/ClassNotFoundException': com/xsnail/controller/WechatControllerBeanInfo> (0x00000000deee2388) thrown at [C:\re\workspace\8-2-build-windows-amd64-cygwin\jdk8u121\8372\hotspot\src\share\vm\classfile\systemDictionary.cpp, line 210]
Event: 8.282 Thread 0x000000000246c800 Exception <a 'java/lang/ClassNotFoundException': com/xsnail/controller/WechatControllerCustomizer> (0x00000000deefaf18) thrown at [C:\re\workspace\8-2-build-windows-amd64-cygwin\jdk8u121\8372\hotspot\src\share\vm\classfile\systemDictionary.cpp, line 210]

Events (10 events):
Event: 8.389 Thread 0x0000000058baa000 flushing nmethod 0x00000000031bf1d0
Event: 8.389 loading class sun/security/ssl/ProtocolList
Event: 8.389 loading class sun/security/ssl/ProtocolList done
Event: 8.389 loading class sun/security/ssl/ProtocolVersion
Event: 8.389 loading class sun/security/ssl/ProtocolVersion done
Event: 8.389 loading class sun/security/ssl/SSLAlgorithmConstraints
Event: 8.389 loading class sun/security/ssl/SSLAlgorithmConstraints done
Event: 8.389 loading class sun/security/ssl/SSLAlgorithmDecomposer
Event: 8.390 loading class sun/security/ssl/SSLAlgorithmDecomposer done
Event: 8.390 loading class sun/security/ssl/CipherSuite


Dynamic libraries:
0x000000013f670000 - 0x000000013f6a7000 	D:\javainstall\jdk1.8\bin\java.exe
0x0000000076da0000 - 0x0000000076f4a000 	C:\Windows\SYSTEM32\ntdll.dll
0x0000000076c80000 - 0x0000000076d9f000 	C:\Windows\system32\kernel32.dll
0x000007fefcfc0000 - 0x000007fefd02a000 	C:\Windows\system32\KERNELBASE.dll
0x000007fefed80000 - 0x000007fefee5b000 	C:\Windows\system32\ADVAPI32.dll
0x000007fefec10000 - 0x000007fefecaf000 	C:\Windows\system32\msvcrt.dll
0x000007fefd0b0000 - 0x000007fefd0cf000 	C:\Windows\SYSTEM32\sechost.dll
0x000007fefe690000 - 0x000007fefe7bd000 	C:\Windows\system32\RPCRT4.dll
0x0000000076b80000 - 0x0000000076c7a000 	C:\Windows\system32\USER32.dll
0x000007feff040000 - 0x000007feff0a7000 	C:\Windows\system32\GDI32.dll
0x000007fefe870000 - 0x000007fefe87e000 	C:\Windows\system32\LPK.dll
0x000007fefd1c0000 - 0x000007fefd28a000 	C:\Windows\system32\USP10.dll
0x000007fefb4b0000 - 0x000007fefb6a4000 	C:\Windows\WinSxS\amd64_microsoft.windows.common-controls_6595b64144ccf1df_6.0.7601.18837_none_fa3b1e3d17594757\COMCTL32.dll
0x000007fefd140000 - 0x000007fefd1b1000 	C:\Windows\system32\SHLWAPI.dll
0x000007fefed50000 - 0x000007fefed7e000 	C:\Windows\system32\IMM32.DLL
0x000007fefe310000 - 0x000007fefe419000 	C:\Windows\system32\MSCTF.dll
0x000000006f2c0000 - 0x000000006f392000 	D:\javainstall\jdk1.8\jre\bin\msvcr100.dll
0x000000005dc20000 - 0x000000005e4bb000 	D:\javainstall\jdk1.8\jre\bin\server\jvm.dll
0x000007fef96b0000 - 0x000007fef96b9000 	C:\Windows\system32\WSOCK32.dll
0x000007fefd0f0000 - 0x000007fefd13d000 	C:\Windows\system32\WS2_32.dll
0x000007fefe860000 - 0x000007fefe868000 	C:\Windows\system32\NSI.dll
0x000007fefaeb0000 - 0x000007fefaeeb000 	C:\Windows\system32\WINMM.dll
0x000007fefbe00000 - 0x000007fefbe0c000 	C:\Windows\system32\VERSION.dll
0x0000000076f70000 - 0x0000000076f77000 	C:\Windows\system32\PSAPI.DLL
0x000000005ef10000 - 0x000000005ef1f000 	D:\javainstall\jdk1.8\jre\bin\verify.dll
0x000000005ed30000 - 0x000000005ed59000 	D:\javainstall\jdk1.8\jre\bin\java.dll
0x000000006f990000 - 0x000000006f9c5000 	D:\javainstall\jdk1.8\jre\bin\jdwp.dll
0x0000000072560000 - 0x0000000072568000 	D:\javainstall\jdk1.8\jre\bin\npt.dll
0x000000005ed10000 - 0x000000005ed26000 	D:\javainstall\jdk1.8\jre\bin\zip.dll
0x000007fefd580000 - 0x000007fefe309000 	C:\Windows\system32\SHELL32.dll
0x000007fefd2f0000 - 0x000007fefd4f3000 	C:\Windows\system32\ole32.dll
0x000007fefcca0000 - 0x000007fefccaf000 	C:\Windows\system32\profapi.dll
0x000000006f770000 - 0x000000006f779000 	D:\javainstall\jdk1.8\jre\bin\dt_socket.dll
0x000007fefc4d0000 - 0x000007fefc525000 	C:\Windows\system32\mswsock.dll
0x000007fefbed0000 - 0x000007fefbed7000 	C:\Windows\System32\wshtcpip.dll
0x000000005ef40000 - 0x000000005ef4d000 	D:\javainstall\jdk1.8\jre\bin\management.dll
0x000000005eb00000 - 0x000000005eb1a000 	D:\javainstall\jdk1.8\jre\bin\net.dll
0x000007fefc4c0000 - 0x000007fefc4c7000 	C:\Windows\System32\wship6.dll
0x000007fefaca0000 - 0x000007fefacb5000 	C:\Windows\system32\NLAapi.dll
0x000007fef8810000 - 0x000007fef8825000 	C:\Windows\system32\napinsp.dll
0x000007fef87f0000 - 0x000007fef8809000 	C:\Windows\system32\pnrpnsp.dll
0x000007fefc350000 - 0x000007fefc3ab000 	C:\Windows\system32\DNSAPI.dll
0x000007fef8630000 - 0x000007fef863b000 	C:\Windows\System32\winrnr.dll
0x00000000715f0000 - 0x0000000071616000 	C:\Program Files\Bonjour\mdnsNSP.dll
0x000007fefa850000 - 0x000007fefa877000 	C:\Windows\system32\Iphlpapi.DLL
0x000007fefa840000 - 0x000007fefa84b000 	C:\Windows\system32\WINNSI.DLL
0x000007fef7bd0000 - 0x000007fef7bd8000 	C:\Windows\system32\rasadhlp.dll
0x000007fefa6f0000 - 0x000007fefa743000 	C:\Windows\System32\fwpuclnt.dll
0x000000005eae0000 - 0x000000005eaf1000 	D:\javainstall\jdk1.8\jre\bin\nio.dll
0x000007fefc530000 - 0x000007fefc547000 	C:\Windows\system32\CRYPTSP.dll
0x000007fefc230000 - 0x000007fefc277000 	C:\Windows\system32\rsaenh.dll
0x000007fefbfe0000 - 0x000007fefbffe000 	C:\Windows\system32\USERENV.dll
0x000007fefcb90000 - 0x000007fefcb9f000 	C:\Windows\system32\CRYPTBASE.dll
0x000007fefa6c0000 - 0x000007fefa6d1000 	C:\Windows\system32\dhcpcsvc6.DLL
0x000007fefa6a0000 - 0x000007fefa6b8000 	C:\Windows\system32\dhcpcsvc.DLL
0x00000000026a0000 - 0x00000000026c4000 	D:\javainstall\jdk1.8\jre\bin\sunec.dll

VM Arguments:
jvm_args: -agentlib:jdwp=transport=dt_socket,address=127.0.0.1:57779,suspend=y,server=n -Dspring.output.ansi.enabled=always -Dfile.encoding=UTF-8 
java_command: com.xsnail.WsellApplication
java_class_path (initial): D:\javainstall\jdk1.8\jre\lib\charsets.jar;D:\javainstall\jdk1.8\jre\lib\deploy.jar;D:\javainstall\jdk1.8\jre\lib\ext\access-bridge-64.jar;D:\javainstall\jdk1.8\jre\lib\ext\cldrdata.jar;D:\javainstall\jdk1.8\jre\lib\ext\dnsns.jar;D:\javainstall\jdk1.8\jre\lib\ext\jaccess.jar;D:\javainstall\jdk1.8\jre\lib\ext\jfxrt.jar;D:\javainstall\jdk1.8\jre\lib\ext\localedata.jar;D:\javainstall\jdk1.8\jre\lib\ext\nashorn.jar;D:\javainstall\jdk1.8\jre\lib\ext\sunec.jar;D:\javainstall\jdk1.8\jre\lib\ext\sunjce_provider.jar;D:\javainstall\jdk1.8\jre\lib\ext\sunmscapi.jar;D:\javainstall\jdk1.8\jre\lib\ext\sunpkcs11.jar;D:\javainstall\jdk1.8\jre\lib\ext\zipfs.jar;D:\javainstall\jdk1.8\jre\lib\javaws.jar;D:\javainstall\jdk1.8\jre\lib\jce.jar;D:\javainstall\jdk1.8\jre\lib\jfr.jar;D:\javainstall\jdk1.8\jre\lib\jfxswt.jar;D:\javainstall\jdk1.8\jre\lib\jsse.jar;D:\javainstall\jdk1.8\jre\lib\management-agent.jar;D:\javainstall\jdk1.8\jre\lib\plugin.jar;D:\javainstall\jdk1.8\jre\lib\resources.jar;D:\javainstall\jdk1.8\jre\lib\rt.jar;D:\javaprojects\wsell\target\classes;C:\Users\Administrator\.m2\repository\org\springframework\boot\spring-boot-starter-web\1.5.6.RELEASE\spring-boot-starter-web-1.5.6.RELEASE.jar;C:\Users\Administrator\.m2\repository\org\springframework\boot\spring-boot-starter\1.5.6.RELEASE\spring-boot-starter-1.5.6.RELEASE.jar;C:\Users\Administrator\.m2\repository\org\springframework\boot\spring-boot\1.5.6.RELEASE\spring-boot-1.5.6.RELEASE.jar;C:\Users\Administrator\.m2\repository\org\springframework\boot\spring-boot-autoconfigure\1.5.6.RELEASE\spring-boot-autoconfigure-1.5.6.RELEASE.jar;C:\Users\Administrator\.m2\repository\org\springframework\boot\spring-boot-starter-logging\1.5.6.RELEASE\spring-boot-starter-logging-1.5.6.RELEASE.jar;C:\Users\Administrator\.m2\repository\ch\qos\logback\logback-classic\1.1.11\logback-classic-1.1.11.jar;C:\Users\Administrator\.m2\repository\ch\qos\logback\logback-core\1.1.11\logback-core-1.1.11.jar;C:\Users\Adminis
Launcher Type: SUN_STANDARD

Environment Variables:
JAVA_HOME=D:\javainstall\jdk1.8
CLASSPATH=D:\javainstall\jdk1.8\lib;D:\javainstall\jdk1.8\lib\tools.jar;
PATH=C:\Windows\system32;C:\Windows;C:\Windows\System32\Wbem;C:\Windows\System32\WindowsPowerShell\v1.0\;D:\javainstall\jdk1.8\bin;D:\git\Git\cmd;D:\python2.7;D:\sdk\platform-tools;D:\mysql\mysql-5.7.17-winx64\mysql-5.7.17-winx64\bin;D:\nodejs\;C:\Program Files\TortoiseSVN\bin;C:\Users\Administrator\AppData\Roaming\npm
USERNAME=Administrator
OS=Windows_NT
PROCESSOR_IDENTIFIER=Intel64 Family 6 Model 94 Stepping 3, GenuineIntel



---------------  S Y S T E M  ---------------

OS: Windows 7 , 64 bit Build 7601 (6.1.7601.23543)

CPU:total 4 (2 cores per cpu, 2 threads per core) family 6 model 94 stepping 3, cmov, cx8, fxsr, mmx, sse, sse2, sse3, ssse3, sse4.1, sse4.2, popcnt, avx, avx2, aes, clmul, erms, 3dnowpref, lzcnt, ht, tsc, tscinvbit, bmi1, bmi2, adx

Memory: 4k page, physical 8304764k(1128452k free), swap 33217196k(5120k free)

vm_info: Java HotSpot(TM) 64-Bit Server VM (25.121-b13) for windows-amd64 JRE (1.8.0_121-b13), built on Dec 12 2016 18:21:36 by "java_re" with MS VC++ 10.0 (VS2010)

time: Fri Sep 15 15:37:56 2017
elapsed time: 8 seconds (0d 0h 0m 8s)

