JvmtiExport can_access_local_variables 1
JvmtiExport can_hotswap_or_post_breakpoint 1
JvmtiExport can_post_on_exceptions 1
# 155 ciObject found
instanceKlass sun/security/krb5/PrincipalName
instanceKlass sun/security/ssl/JsseJce$1
instanceKlass sun/security/ssl/JsseJce
instanceKlass sun/security/ssl/CipherSuite$BulkCipher
instanceKlass sun/security/ssl/CipherSuite
instanceKlass sun/security/ssl/SSLAlgorithmConstraints
instanceKlass sun/security/ssl/ProtocolVersion
instanceKlass sun/security/ssl/ProtocolList
instanceKlass sun/security/ssl/Debug
instanceKlass sun/security/ssl/SunJSSE$1
instanceKlass java/security/spec/ECFieldF2m
instanceKlass java/security/spec/ECParameterSpec
instanceKlass java/security/spec/AlgorithmParameterSpec
instanceKlass java/security/spec/ECPoint
instanceKlass java/security/spec/EllipticCurve
instanceKlass java/security/spec/ECFieldFp
instanceKlass java/security/spec/ECField
instanceKlass sun/security/ec/CurveDB
instanceKlass sun/security/ec/SunECEntries
instanceKlass sun/security/ec/SunEC$1
instanceKlass sun/security/util/ManifestEntryVerifier$SunProviderHolder
instanceKlass java/util/Base64$Encoder
instanceKlass java/util/Base64$Decoder
instanceKlass java/util/Base64
instanceKlass java/security/cert/CertPath
instanceKlass java/math/MutableBigInteger
instanceKlass sun/security/rsa/RSAPadding
instanceKlass sun/security/rsa/RSACore
instanceKlass sun/security/jca/ServiceId
instanceKlass java/security/SignatureSpi
instanceKlass javax/crypto/SecretKey
instanceKlass sun/security/util/Length
instanceKlass sun/security/util/KeyUtil
instanceKlass sun/text/normalizer/NormalizerBase$1
instanceKlass sun/text/normalizer/NormalizerBase$QuickCheckResult
instanceKlass sun/text/normalizer/NormalizerBase$Mode
instanceKlass sun/text/normalizer/NormalizerBase
instanceKlass java/text/Normalizer
instanceKlass sun/security/pkcs/PKCS9Attribute
instanceKlass sun/security/x509/AVAKeyword
instanceKlass sun/security/pkcs/SignerInfo
instanceKlass java/security/interfaces/DSAPublicKey
instanceKlass java/security/interfaces/DSAKey
instanceKlass java/security/spec/DSAPublicKeySpec
instanceKlass java/security/AlgorithmParametersSpi
instanceKlass java/security/AlgorithmParameters
instanceKlass sun/security/util/MemoryCache$CacheEntry
instanceKlass sun/security/x509/X509AttributeName
instanceKlass sun/security/x509/RFC822Name
instanceKlass sun/security/x509/GeneralName
instanceKlass sun/security/x509/GeneralNames
instanceKlass sun/security/x509/KeyIdentifier
instanceKlass sun/security/x509/NetscapeCertTypeExtension$MapEntry
instanceKlass sun/security/x509/OIDMap$OIDInfo
instanceKlass sun/security/x509/PKIXExtensions
instanceKlass sun/security/x509/OIDMap
instanceKlass sun/security/x509/Extension
instanceKlass java/security/cert/Extension
instanceKlass sun/security/x509/CertificateExtensions
instanceKlass sun/security/pkcs/PKCS8Key
instanceKlass java/security/interfaces/RSAPrivateCrtKey
instanceKlass java/security/interfaces/RSAPrivateKey
instanceKlass java/security/PrivateKey
instanceKlass javax/security/auth/Destroyable
instanceKlass java/security/interfaces/RSAPublicKey
instanceKlass java/security/interfaces/RSAKey
instanceKlass java/security/spec/RSAPrivateKeySpec
instanceKlass java/security/spec/RSAPublicKeySpec
instanceKlass java/security/KeyFactorySpi
instanceKlass sun/security/jca/ProviderList$ServiceList$1
instanceKlass java/security/KeyFactory
instanceKlass java/security/spec/EncodedKeySpec
instanceKlass java/security/spec/KeySpec
instanceKlass sun/security/util/BitArray
instanceKlass sun/security/x509/X509Key
instanceKlass java/security/PublicKey
instanceKlass java/security/Key
instanceKlass sun/security/x509/CertificateX509Key
instanceKlass sun/security/x509/CertificateValidity
instanceKlass sun/security/x509/AVA
instanceKlass sun/security/x509/RDN
instanceKlass javax/security/auth/x500/X500Principal
instanceKlass sun/security/x509/X500Name$1
instanceKlass sun/security/x509/X500Name
instanceKlass sun/security/x509/GeneralNameInterface
instanceKlass sun/security/x509/CertificateAlgorithmId
instanceKlass sun/security/x509/SerialNumber
instanceKlass sun/security/x509/CertificateSerialNumber
instanceKlass sun/security/x509/CertificateVersion
instanceKlass sun/security/x509/X509CertInfo
instanceKlass sun/security/x509/CertAttrSet
instanceKlass sun/security/util/Cache$EqualByteArray
instanceKlass sun/security/util/Cache
instanceKlass java/security/cert/CertificateFactorySpi
instanceKlass java/security/cert/CertificateFactory
instanceKlass sun/security/x509/AlgorithmId
instanceKlass sun/security/util/ByteArrayTagOrder
instanceKlass sun/security/util/ByteArrayLexOrder
instanceKlass sun/security/util/DerEncoder
instanceKlass sun/security/util/DerValue
instanceKlass sun/security/util/ObjectIdentifier
instanceKlass sun/security/pkcs/ContentInfo
instanceKlass sun/security/util/DerIndefLenConverter
instanceKlass sun/security/util/DerInputStream
instanceKlass sun/security/pkcs/PKCS7
instanceKlass sun/security/util/ManifestDigester$Entry
instanceKlass sun/security/util/ManifestDigester$Position
instanceKlass sun/security/util/ManifestDigester
instanceKlass sun/security/rsa/SunRsaSignEntries
instanceKlass javax/net/ssl/SSLContextSpi
instanceKlass javax/net/ssl/SSLContext
instanceKlass org/apache/http/ssl/SSLContexts
instanceKlass org/apache/http/conn/ssl/AbstractVerifier
instanceKlass org/apache/http/conn/ssl/X509HostnameVerifier
instanceKlass org/apache/http/conn/ssl/SSLConnectionSocketFactory
instanceKlass me/chanjar/weixin/common/util/http/apache/DefaultApacheHttpClientBuilder$1
instanceKlass org/apache/http/ssl/TrustStrategy
instanceKlass org/apache/http/client/CredentialsProvider
instanceKlass org/apache/http/auth/Credentials
instanceKlass org/apache/http/conn/socket/LayeredConnectionSocketFactory
instanceKlass org/apache/http/conn/socket/ConnectionSocketFactory
instanceKlass org/apache/http/conn/HttpClientConnectionManager
instanceKlass org/apache/http/client/HttpRequestRetryHandler
instanceKlass me/chanjar/weixin/common/util/http/apache/DefaultApacheHttpClientBuilder
instanceKlass me/chanjar/weixin/mp/api/WxMpInMemoryConfigStorage
instanceKlass me/chanjar/weixin/mp/api/impl/WxMpShakeServiceImpl
instanceKlass me/chanjar/weixin/mp/api/impl/WxMpDeviceServiceImpl
instanceKlass me/chanjar/weixin/mp/api/impl/WxMpTemplateMsgServiceImpl
instanceKlass me/chanjar/weixin/mp/api/impl/WxMpUserBlacklistServiceImpl
instanceKlass org/apache/commons/lang3/time/FastDateParser$StrategyAndWidth
instanceKlass org/apache/commons/lang3/time/FastDateParser$StrategyParser
instanceKlass org/apache/commons/lang3/time/FastDateParser$1
instanceKlass sun/util/locale/Extension
instanceKlass sun/util/locale/LocaleExtensions
instanceKlass org/apache/commons/lang3/time/FastDateParser$Strategy
instanceKlass org/apache/commons/lang3/time/FastDateParser
instanceKlass org/apache/commons/lang3/time/FastDatePrinter$TwoDigitNumberField
instanceKlass org/apache/commons/lang3/time/FastDatePrinter$TwoDigitMonthField
instanceKlass org/apache/commons/lang3/time/FastDatePrinter$CharacterLiteral
instanceKlass org/apache/commons/lang3/time/FastDatePrinter$PaddedNumberField
instanceKlass org/apache/commons/lang3/time/FastDatePrinter$NumberRule
instanceKlass org/apache/commons/lang3/time/FastDatePrinter$Rule
instanceKlass org/apache/commons/lang3/time/FastDatePrinter
instanceKlass org/apache/commons/lang3/time/FormatCache$MultipartKey
instanceKlass org/apache/commons/lang3/time/FormatCache
instanceKlass org/apache/commons/lang3/time/DatePrinter
instanceKlass org/apache/commons/lang3/time/DateParser
instanceKlass me/chanjar/weixin/mp/api/impl/WxMpDataCubeServiceImpl
instanceKlass me/chanjar/weixin/mp/api/impl/WxMpStoreServiceImpl
instanceKlass me/chanjar/weixin/mp/api/impl/WxMpCardServiceImpl
instanceKlass me/chanjar/weixin/mp/api/impl/WxMpQrcodeServiceImpl
instanceKlass com/google/gson/JsonElement
instanceKlass me/chanjar/weixin/mp/api/impl/WxMpUserTagServiceImpl
instanceKlass me/chanjar/weixin/mp/api/impl/WxMpUserServiceImpl
instanceKlass me/chanjar/weixin/mp/api/impl/WxMpMenuServiceImpl
instanceKlass me/chanjar/weixin/mp/api/impl/WxMpMaterialServiceImpl
instanceKlass me/chanjar/weixin/mp/api/impl/WxMpKefuServiceImpl
instanceKlass me/chanjar/weixin/common/util/res/StringManager
instanceKlass me/chanjar/weixin/common/session/InternalSession
instanceKlass me/chanjar/weixin/common/session/StandardSessionManager
instanceKlass me/chanjar/weixin/common/session/InternalSessionManager
instanceKlass com/google/gson/JsonParser
instanceKlass me/chanjar/weixin/common/util/http/apache/ApacheHttpClientBuilder
instanceKlass org/apache/http/HttpResponse
instanceKlass org/apache/http/client/methods/HttpUriRequest
instanceKlass org/apache/http/HttpRequest
instanceKlass org/apache/http/HttpMessage
instanceKlass me/chanjar/weixin/mp/api/WxMpShakeService
instanceKlass me/chanjar/weixin/mp/api/WxMpDeviceService
instanceKlass me/chanjar/weixin/mp/api/WxMpTemplateMsgService
instanceKlass me/chanjar/weixin/mp/api/WxMpUserBlacklistService
instanceKlass me/chanjar/weixin/mp/api/WxMpDataCubeService
instanceKlass me/chanjar/weixin/mp/api/WxMpStoreService
instanceKlass me/chanjar/weixin/mp/api/WxMpCardService
instanceKlass me/chanjar/weixin/mp/api/WxMpQrcodeService
instanceKlass me/chanjar/weixin/mp/api/WxMpUserTagService
instanceKlass me/chanjar/weixin/mp/api/WxMpUserService
instanceKlass me/chanjar/weixin/mp/api/WxMpMenuService
instanceKlass me/chanjar/weixin/mp/api/WxMpMaterialService
instanceKlass me/chanjar/weixin/mp/api/WxMpKefuService
instanceKlass me/chanjar/weixin/common/session/WxSessionManager
instanceKlass me/chanjar/weixin/mp/api/impl/AbstractWxMpServiceImpl
instanceKlass me/chanjar/weixin/common/util/http/RequestHttp
instanceKlass org/springframework/data/redis/core/script/DefaultScriptExecutor
instanceKlass org/springframework/core/serializer/DefaultDeserializer
instanceKlass org/springframework/core/serializer/Deserializer
instanceKlass org/springframework/core/serializer/support/DeserializingConverter
instanceKlass org/springframework/core/serializer/DefaultSerializer
instanceKlass org/springframework/core/serializer/Serializer
instanceKlass org/springframework/core/serializer/support/SerializingConverter
instanceKlass org/springframework/data/redis/serializer/JdkSerializationRedisSerializer
instanceKlass org/springframework/data/redis/core/types/RedisClientInfo
instanceKlass sun/reflect/generics/tree/IntSignature
instanceKlass sun/reflect/generics/tree/LongSignature
instanceKlass sun/reflect/generics/tree/ByteSignature
instanceKlass org/springframework/data/redis/core/BulkMapper
instanceKlass org/springframework/data/redis/core/query/SortQuery
instanceKlass org/springframework/data/redis/core/script/RedisScript
instanceKlass org/springframework/data/redis/core/SessionCallback
instanceKlass org/springframework/data/redis/serializer/StringRedisSerializer
instanceKlass org/springframework/data/redis/core/ClusterOperations
instanceKlass org/springframework/data/redis/core/BoundGeoOperations
instanceKlass org/springframework/data/redis/core/GeoOperations
instanceKlass org/springframework/data/redis/core/BoundHashOperations
instanceKlass org/springframework/data/redis/core/HashOperations
instanceKlass org/springframework/data/redis/core/BoundZSetOperations
instanceKlass org/springframework/data/redis/core/ZSetOperations
instanceKlass org/springframework/data/redis/core/BoundSetOperations
instanceKlass org/springframework/data/redis/core/SetOperations
instanceKlass org/springframework/data/redis/core/BoundListOperations
instanceKlass org/springframework/data/redis/core/ListOperations
instanceKlass org/springframework/data/redis/core/BoundValueOperations
instanceKlass org/springframework/data/redis/core/BoundKeyOperations
instanceKlass org/springframework/data/redis/core/ValueOperations
instanceKlass org/springframework/data/redis/core/script/ScriptExecutor
instanceKlass org/springframework/data/redis/core/HyperLogLogOperations
instanceKlass org/springframework/data/redis/serializer/RedisSerializer
instanceKlass org/apache/commons/pool2/impl/DefaultEvictionPolicy
instanceKlass org/apache/commons/pool2/impl/EvictionPolicy
instanceKlass org/apache/commons/pool2/impl/EvictionTimer$PrivilegedNewEvictionTimer
instanceKlass org/apache/commons/pool2/impl/EvictionTimer$PrivilegedSetTccl
instanceKlass org/apache/commons/pool2/impl/EvictionTimer$PrivilegedGetTccl
instanceKlass org/apache/commons/pool2/impl/EvictionTimer
instanceKlass org/apache/commons/pool2/impl/AbandonedConfig
instanceKlass org/apache/commons/pool2/impl/DefaultPooledObjectInfo
instanceKlass org/apache/commons/pool2/impl/DefaultPooledObjectInfoMBean
instanceKlass org/apache/commons/pool2/impl/BaseGenericObjectPool$StatsStore
instanceKlass redis/clients/jedis/HostAndPort
instanceKlass org/apache/commons/pool2/PooledObject
instanceKlass redis/clients/jedis/JedisFactory
instanceKlass org/apache/commons/pool2/PooledObjectFactory
instanceKlass org/springframework/data/redis/connection/ClusterCommandExecutor
instanceKlass redis/clients/jedis/BinaryJedisCluster
instanceKlass redis/clients/jedis/JedisClusterBinaryScriptingCommands
instanceKlass redis/clients/jedis/MultiKeyBinaryJedisClusterCommands
instanceKlass redis/clients/jedis/BinaryJedisClusterCommands
instanceKlass redis/clients/jedis/JedisClusterScriptingCommands
instanceKlass redis/clients/jedis/MultiKeyJedisClusterCommands
instanceKlass javax/net/ssl/SSLParameters
instanceKlass javax/net/ssl/HostnameVerifier
instanceKlass javax/net/SocketFactory
instanceKlass redis/clients/util/ShardInfo
instanceKlass org/springframework/data/redis/connection/jedis/JedisConverters$8
instanceKlass org/springframework/data/redis/connection/jedis/JedisConverters$7
instanceKlass org/springframework/data/redis/connection/jedis/JedisConverters$6
instanceKlass org/springframework/data/redis/connection/jedis/JedisConverters$5
instanceKlass org/springframework/data/redis/connection/jedis/JedisConverters$4
instanceKlass redis/clients/util/SafeEncoder
instanceKlass org/springframework/data/redis/connection/RedisZSetCommands$Tuple
instanceKlass org/springframework/data/redis/connection/jedis/JedisConverters$3
instanceKlass org/springframework/data/redis/connection/convert/MapConverter
instanceKlass org/springframework/data/redis/connection/convert/SetConverter
instanceKlass org/springframework/data/redis/connection/jedis/JedisConverters$2
instanceKlass org/springframework/data/redis/connection/convert/ListConverter
instanceKlass org/springframework/data/redis/connection/jedis/JedisConverters$1
instanceKlass org/springframework/data/redis/connection/convert/StringToRedisClientInfoConverter
instanceKlass org/springframework/data/redis/connection/jedis/JedisExceptionConverter
instanceKlass org/springframework/data/redis/connection/convert/Converters$1
instanceKlass org/springframework/data/redis/connection/convert/StringToDataTypeConverter
instanceKlass org/springframework/data/redis/connection/convert/LongToBooleanConverter
instanceKlass org/springframework/data/redis/connection/convert/StringToPropertiesConverter
instanceKlass org/springframework/data/geo/Metric
instanceKlass org/springframework/data/redis/connection/convert/Converters
instanceKlass org/springframework/data/redis/PassThroughExceptionTranslationStrategy
instanceKlass org/springframework/data/redis/connection/RedisClusterConnection
instanceKlass org/springframework/data/redis/connection/RedisClusterCommands
instanceKlass org/springframework/data/redis/connection/ClusterTopologyProvider
instanceKlass org/springframework/data/redis/connection/ClusterNodeResourceProvider
instanceKlass redis/clients/util/Pool
instanceKlass org/springframework/data/redis/connection/RedisSentinelConnection
instanceKlass org/springframework/data/redis/connection/RedisSentinelCommands
instanceKlass org/springframework/data/redis/ExceptionTranslationStrategy
instanceKlass java/util/AbstractList$1
instanceKlass org/hibernate/jpa/criteria/ValueHandlerFactory$ValueHandler
instanceKlass com/lly835/bestpay/model/PayRequest
instanceKlass com/lly835/bestpay/model/RefundRequest
instanceKlass com/lly835/bestpay/config/PayConfig
instanceKlass com/lly835/bestpay/model/RefundResponse
instanceKlass com/lly835/bestpay/model/PayResponse
instanceKlass org/springframework/objenesis/instantiator/sun/SunReflectionFactoryHelper
instanceKlass org/springframework/objenesis/instantiator/sun/SunReflectionFactoryInstantiator
instanceKlass org/springframework/objenesis/strategy/PlatformDescription
instanceKlass org/springframework/cglib/proxy/Enhancer$4
instanceKlass org/springframework/cglib/proxy/Enhancer$3
instanceKlass org/springframework/cglib/proxy/Enhancer$5
instanceKlass org/springframework/aop/support/MethodMatchers
instanceKlass org/springframework/aop/ThrowsAdvice
instanceKlass org/springframework/aop/framework/AdvisedSupport$MethodCacheKey
instanceKlass org/springframework/aop/framework/CglibAopProxy$ProxyCallbackFilter
instanceKlass org/springframework/aop/framework/CglibAopProxy$HashCodeInterceptor
instanceKlass org/springframework/aop/framework/CglibAopProxy$EqualsInterceptor
instanceKlass org/springframework/aop/framework/CglibAopProxy$SerializableNoOp
instanceKlass org/springframework/aop/framework/CglibAopProxy$StaticDispatcher
instanceKlass org/springframework/aop/framework/CglibAopProxy$StaticUnadvisedInterceptor
instanceKlass org/springframework/aop/framework/CglibAopProxy$DynamicAdvisedInterceptor
instanceKlass org/springframework/cglib/transform/impl/UndeclaredThrowableStrategy$1
instanceKlass org/springframework/cglib/transform/MethodFilter
instanceKlass org/springframework/aop/framework/CglibAopProxy$AdvisedDispatcher
instanceKlass org/springframework/aop/framework/CglibAopProxy
instanceKlass org/aspectj/util/PartialOrder
instanceKlass org/springframework/aop/aspectj/autoproxy/AspectJAwareAdvisorAutoProxyCreator$PartiallyComparableAdvisorHolder
instanceKlass org/aspectj/util/PartialOrder$PartialComparable
instanceKlass org/springframework/aop/support/AbstractExpressionPointcut
instanceKlass org/springframework/aop/support/ExpressionPointcut
instanceKlass org/springframework/aop/aspectj/InstantiationModelAwarePointcutAdvisor
instanceKlass org/hibernate/jpa/criteria/expression/function/FunctionExpression
instanceKlass org/hibernate/jpa/criteria/predicate/PredicateImplementor
